<?xml version="1.0" encoding="UTF-8"?>
<!-- Generated by org.testng.reporters.JUnitXMLReporter -->
<testsuite hostname="DESKTOP-KHTNE4T" ignored="0" name="Test1" tests="4" failures="0" timestamp="30 Jun 2020 02:23:27 GMT" time="18.57" errors="0">
  <testcase name="Login" time="3.696" classname="com.smoke.test.CrossBrowser"/>
  <testcase name="sanityTest1" time="3.736" classname="com.smoke.test.CrossBrowser"/>
  <testcase name="sanityTest2" time="4.387" classname="com.smoke.test.CrossBrowser"/>
  <testcase name="sanityTest3" time="2.674" classname="com.smoke.test.CrossBrowser"/>
</testsuite> <!-- Test1 -->
