<?xml version="1.0" encoding="UTF-8"?>
<!-- Generated by org.testng.reporters.JUnitXMLReporter -->
<testsuite hostname="DESKTOP-KHTNE4T" ignored="0" name="Test1" tests="3" failures="0" timestamp="04 Jul 2020 04:10:47 GMT" time="18.775" errors="0">
  <testcase name="sanityTest1" time="3.004" classname="com.smoke.test.SanityTestNG"/>
  <testcase name="sanityTest2" time="4.368" classname="com.smoke.test.SanityTestNG"/>
  <testcase name="sanityTest3" time="2.236" classname="com.smoke.test.SanityTestNG"/>
</testsuite> <!-- Test1 -->
