<?xml version="1.0" encoding="UTF-8"?>
<!-- Generated by org.testng.reporters.JUnitXMLReporter -->
<testsuite hostname="DESKTOP-KHTNE4T" ignored="0" name="Test" tests="3" failures="0" timestamp="04 Jul 2020 04:10:28 GMT" time="20.037" errors="0">
  <testcase name="sanityTest1" time="3.847" classname="com.smoke.test.SanityTestNG"/>
  <testcase name="sanityTest2" time="4.346" classname="com.smoke.test.SanityTestNG"/>
  <testcase name="sanityTest3" time="2.3" classname="com.smoke.test.SanityTestNG"/>
</testsuite> <!-- Test -->
