<?xml version="1.0" encoding="UTF-8"?>
<!-- Generated by org.testng.reporters.JUnitXMLReporter -->
<testsuite hostname="DESKTOP-KHTNE4T" ignored="0" name="Test2" tests="3" failures="0" timestamp="04 Jul 2020 04:11:05 GMT" time="18.289" errors="0">
  <testcase name="sanityTest1" time="3.252" classname="com.smoke.test.SanityTestNG"/>
  <testcase name="sanityTest2" time="4.207" classname="com.smoke.test.SanityTestNG"/>
  <testcase name="sanityTest3" time="2.328" classname="com.smoke.test.SanityTestNG"/>
</testsuite> <!-- Test2 -->
