<?xml version="1.0" encoding="UTF-8"?>
<testng-results skipped="0" failed="0" ignored="0" total="1" passed="1">
  <reporter-output>
  </reporter-output>
  <suite name="Default suite" duration-ms="13651" started-at="2020-07-09T23:54:12Z" finished-at="2020-07-09T23:54:26Z">
    <groups>
      <group name="cucumber">
        <method signature="AbstractTestNGCucumberTests.runScenario(cucumber.api.testng.PickleEventWrapper, cucumber.api.testng.CucumberFeatureWrapper)[pri:0, instance:com.test.runner.FinalVersionPro@45018215]" name="runScenario" class="cucumber.api.testng.AbstractTestNGCucumberTests"/>
      </group> <!-- cucumber -->
    </groups>
    <test name="Default test" duration-ms="13651" started-at="2020-07-09T23:54:12Z" finished-at="2020-07-09T23:54:26Z">
      <class name="com.test.runner.FinalVersionPro">
        <test-method status="PASS" signature="setUpClass()[pri:0, instance:com.test.runner.FinalVersionPro@45018215]" name="setUpClass" is-config="true" duration-ms="110" started-at="2020-07-09T23:54:12Z" finished-at="2020-07-09T23:54:13Z">
          <reporter-output>
          </reporter-output>
        </test-method> <!-- setUpClass -->
        <test-method status="PASS" signature="runScenario(cucumber.api.testng.PickleEventWrapper, cucumber.api.testng.CucumberFeatureWrapper)[pri:0, instance:com.test.runner.FinalVersionPro@45018215]" name="runScenario" duration-ms="13470" started-at="2020-07-09T23:54:13Z" description="Runs Cucumber Scenarios" data-provider="scenarios" finished-at="2020-07-09T23:54:26Z">
          <params>
            <param index="0">
              <value>
                <![CDATA["Automation of Dress Selection"]]>
              </value>
            </param>
            <param index="1">
              <value>
                <![CDATA["Automation Practice Azhar"]]>
              </value>
            </param>
          </params>
          <reporter-output>
          </reporter-output>
        </test-method> <!-- runScenario -->
        <test-method status="PASS" signature="tearDownClass()[pri:0, instance:com.test.runner.FinalVersionPro@45018215]" name="tearDownClass" is-config="true" duration-ms="27" started-at="2020-07-09T23:54:26Z" finished-at="2020-07-09T23:54:26Z">
          <reporter-output>
          </reporter-output>
        </test-method> <!-- tearDownClass -->
      </class> <!-- com.test.runner.FinalVersionPro -->
    </test> <!-- Default test -->
  </suite> <!-- Default suite -->
</testng-results>
