<?xml version="1.0" encoding="UTF-8"?>
<!-- Generated by org.testng.reporters.JUnitXMLReporter -->
<testsuite hostname="DESKTOP-KHTNE4T" ignored="0" name="Default test" tests="3" failures="0" timestamp="04 Jun 2020 11:26:21 GMT" time="18.443" errors="0">
  <testcase name="sanityTest1" time="2.77" classname="com.smoke.test.SanityTestNG"/>
  <testcase name="sanityTest2" time="3.573" classname="com.smoke.test.SanityTestNG"/>
  <testcase name="sanityTest3" time="2.175" classname="com.smoke.test.SanityTestNG"/>
</testsuite> <!-- Default test -->
