<?xml version="1.0" encoding="UTF-8"?>
<!-- Generated by org.testng.reporters.JUnitXMLReporter -->
<testsuite hostname="DESKTOP-KHTNE4T" ignored="0" name="Default test" tests="3" failures="0" timestamp="02 Jun 2020 19:26:03 GMT" time="22.57" errors="0">
  <testcase name="sanityTest1" time="3.979" classname="com.smoke.test.SanityTestNG"/>
  <testcase name="sanityTest2" time="4.259" classname="com.smoke.test.SanityTestNG"/>
  <testcase name="sanityTest3" time="2.301" classname="com.smoke.test.SanityTestNG"/>
</testsuite> <!-- Default test -->
